<?xml version="1.0" encoding="UTF-8"?>
<Site BuildName="(empty)"
	BuildStamp="20241112-0138-Experimental"
	Name="ros-VirtualBox"
	Generator="ctest-3.22.1"
	CompilerName="/usr/bin/c++"
	CompilerVersion="11.4.0"
	OSName="Linux"
	Hostname="ros-VirtualBox"
	OSRelease="6.8.0-45-generic"
	OSVersion="#45~22.04.1-Ubuntu SMP PREEMPT_DYNAMIC Wed Sep 11 15:25:05 UTC 2"
	OSPlatform="x86_64"
	Is64Bits="1"
	VendorString="GenuineIntel"
	VendorID="Intel Corporation"
	FamilyID="6"
	ModelID="154"
	ProcessorCacheSize="18432"
	NumberOfLogicalCPU="6"
	NumberOfPhysicalCPU="6"
	TotalVirtualMemory="2047"
	TotalPhysicalMemory="11278"
	LogicalProcessorsPerPhysical="1"
	ProcessorClockFrequency="2496.01"
	>
	<Testing>
		<StartDateTime>Nov 11 20:21 CST</StartDateTime>
		<StartTestTime>1731378060</StartTestTime>
		<TestList/>
		<EndDateTime>Nov 11 20:21 CST</EndDateTime>
		<EndTestTime>1731378060</EndTestTime>
		<ElapsedMinutes>0</ElapsedMinutes>
	</Testing>
</Site>
