<?xml version="1.0" encoding="UTF-8"?>
<Site BuildName="(empty)"
	BuildStamp="20241205-0111-Experimental"
	Name="ros-VirtualBox"
	Generator="ctest-3.22.1"
	CompilerName="/usr/bin/c++"
	CompilerVersion="11.4.0"
	OSName="Linux"
	Hostname="ros-VirtualBox"
	OSRelease="6.8.0-49-generic"
	OSVersion="#49~22.04.1-Ubuntu SMP PREEMPT_DYNAMIC Wed Nov  6 17:42:15 UTC 2"
	OSPlatform="x86_64"
	Is64Bits="1"
	VendorString="GenuineIntel"
	VendorID="Intel Corporation"
	FamilyID="6"
	ModelID="154"
	ProcessorCacheSize="18432"
	NumberOfLogicalCPU="2"
	NumberOfPhysicalCPU="2"
	TotalVirtualMemory="2047"
	TotalPhysicalMemory="1968"
	LogicalProcessorsPerPhysical="1"
	ProcessorClockFrequency="2496.01"
	>
	<Testing>
		<StartDateTime>Dec 04 19:47 CST</StartDateTime>
		<StartTestTime>1733363269</StartTestTime>
		<TestList/>
		<EndDateTime>Dec 04 19:47 CST</EndDateTime>
		<EndTestTime>1733363269</EndTestTime>
		<ElapsedMinutes>0</ElapsedMinutes>
	</Testing>
</Site>
